

Microchip MPLAB XC8 Assembler V2.32 build 20210201212658 
                                                                                               Thu Jan 27 05:18:01 2022

Microchip MPLAB XC8 C Compiler v2.32 (Free license) build 20210201212658 Og1 
     1                           	processor	16F887
     2                           	pagewidth 120
     3                           	opt	flic
     4                           	psect	idataBANK0,global,class=CODE,delta=2,noexec
     5                           	psect	cinit,global,class=CODE,merge=1,delta=2
     6                           	psect	bssBANK0,global,class=BANK0,space=1,delta=1,noexec
     7                           	psect	dataBANK0,global,class=BANK0,space=1,delta=1,noexec
     8                           	psect	cstackCOMMON,global,class=COMMON,space=1,delta=1,noexec
     9                           	psect	cstackBANK0,global,class=BANK0,space=1,delta=1,noexec
    10                           	psect	maintext,global,class=CODE,split=1,delta=2
    11                           	psect	text1,local,class=CODE,merge=1,delta=2
    12                           	psect	text2,local,class=CODE,merge=1,delta=2
    13                           	psect	intentry,global,class=CODE,delta=2
    14                           	psect	text3,local,class=CODE,merge=1,delta=2
    15                           	psect	text4,local,class=CODE,merge=1,delta=2
    16                           	psect	text5,local,class=CODE,merge=1,delta=2,group=1
    17                           	psect	text6,local,class=CODE,merge=1,delta=2
    18                           	psect	text7,local,class=CODE,merge=1,delta=2
    19                           	psect	config,global,abs,ovrld,class=CONFIG,space=4,delta=2,noexec
    20                           	dabs	1,0x7E,2
    21  0000                     
    22                           ; Version 2.20
    23                           ; Generated 12/02/2020 GMT
    24                           ; 
    25                           ; Copyright © 2020, Microchip Technology Inc. and its subsidiaries ("Microchip")
    26                           ; All rights reserved.
    27                           ; 
    28                           ; This software is developed by Microchip Technology Inc. and its subsidiaries ("Microch
      +                          ip").
    29                           ; 
    30                           ; Redistribution and use in source and binary forms, with or without modification, are
    31                           ; permitted provided that the following conditions are met:
    32                           ; 
    33                           ;     1. Redistributions of source code must retain the above copyright notice, this lis
      +                          t of
    34                           ;        conditions and the following disclaimer.
    35                           ; 
    36                           ;     2. Redistributions in binary form must reproduce the above copyright notice, this 
      +                          list
    37                           ;        of conditions and the following disclaimer in the documentation and/or other
    38                           ;        materials provided with the distribution.
    39                           ; 
    40                           ;     3. Microchip's name may not be used to endorse or promote products derived from th
      +                          is
    41                           ;        software without specific prior written permission.
    42                           ; 
    43                           ; THIS SOFTWARE IS PROVIDED BY MICROCHIP "AS IS" AND ANY EXPRESS OR IMPLIED WARRANTIES,
    44                           ; INCLUDING, BUT NOT LIMITED TO, THE IMPLIED WARRANTIES OF MERCHANTABILITY AND FITNESS F
      +                          OR
    45                           ; PURPOSE ARE DISCLAIMED.  IN NO EVENT SHALL MICROCHIP BE LIABLE FOR ANY DIRECT, INDIREC
      +                          T,
    46                           ; INCIDENTAL, SPECIAL, EXEMPLARY, OR CONSEQUENTIAL DAMAGES (INCLUDING BUT NOT LIMITED TO
    47                           ; PROCUREMENT OF SUBSTITUTE GOODS OR SERVICES; LOSS OF USE, DATA OR PROFITS; OR BUSINESS
    48                           ; INTERRUPTION) HOWSOEVER CAUSED AND ON ANY THEORY OF LIABILITY, WHETHER IN CONTRACT, ST
      +                          RICT
    49                           ; LIABILITY, OR TORT (INCLUDING NEGLIGENCE OR OTHERWISE) ARISING IN ANY WAY OUT OF THE U
      +                          SE OF
    50                           ; THIS SOFTWARE, EVEN IF ADVISED OF THE POSSIBILITY OF SUCH DAMAGE.
    51                           ; 
    52                           ; 
    53                           ; Code-generator required, PIC16F887 Definitions
    54                           ; 
    55                           ; SFR Addresses
    56  0000                     	;# 
    57  0001                     	;# 
    58  0002                     	;# 
    59  0003                     	;# 
    60  0004                     	;# 
    61  0005                     	;# 
    62  0006                     	;# 
    63  0007                     	;# 
    64  0008                     	;# 
    65  0009                     	;# 
    66  000A                     	;# 
    67  000B                     	;# 
    68  000C                     	;# 
    69  000D                     	;# 
    70  000E                     	;# 
    71  000E                     	;# 
    72  000F                     	;# 
    73  0010                     	;# 
    74  0011                     	;# 
    75  0012                     	;# 
    76  0013                     	;# 
    77  0014                     	;# 
    78  0015                     	;# 
    79  0015                     	;# 
    80  0016                     	;# 
    81  0017                     	;# 
    82  0018                     	;# 
    83  0019                     	;# 
    84  001A                     	;# 
    85  001B                     	;# 
    86  001B                     	;# 
    87  001C                     	;# 
    88  001D                     	;# 
    89  001E                     	;# 
    90  001F                     	;# 
    91  0081                     	;# 
    92  0085                     	;# 
    93  0086                     	;# 
    94  0087                     	;# 
    95  0088                     	;# 
    96  0089                     	;# 
    97  008C                     	;# 
    98  008D                     	;# 
    99  008E                     	;# 
   100  008F                     	;# 
   101  0090                     	;# 
   102  0091                     	;# 
   103  0092                     	;# 
   104  0093                     	;# 
   105  0093                     	;# 
   106  0093                     	;# 
   107  0094                     	;# 
   108  0095                     	;# 
   109  0096                     	;# 
   110  0097                     	;# 
   111  0098                     	;# 
   112  0099                     	;# 
   113  009A                     	;# 
   114  009B                     	;# 
   115  009C                     	;# 
   116  009D                     	;# 
   117  009E                     	;# 
   118  009F                     	;# 
   119  0105                     	;# 
   120  0107                     	;# 
   121  0108                     	;# 
   122  0109                     	;# 
   123  010C                     	;# 
   124  010C                     	;# 
   125  010D                     	;# 
   126  010E                     	;# 
   127  010F                     	;# 
   128  0185                     	;# 
   129  0187                     	;# 
   130  0188                     	;# 
   131  0189                     	;# 
   132  018C                     	;# 
   133  018D                     	;# 
   134  0000                     	;# 
   135  0001                     	;# 
   136  0002                     	;# 
   137  0003                     	;# 
   138  0004                     	;# 
   139  0005                     	;# 
   140  0006                     	;# 
   141  0007                     	;# 
   142  0008                     	;# 
   143  0009                     	;# 
   144  000A                     	;# 
   145  000B                     	;# 
   146  000C                     	;# 
   147  000D                     	;# 
   148  000E                     	;# 
   149  000E                     	;# 
   150  000F                     	;# 
   151  0010                     	;# 
   152  0011                     	;# 
   153  0012                     	;# 
   154  0013                     	;# 
   155  0014                     	;# 
   156  0015                     	;# 
   157  0015                     	;# 
   158  0016                     	;# 
   159  0017                     	;# 
   160  0018                     	;# 
   161  0019                     	;# 
   162  001A                     	;# 
   163  001B                     	;# 
   164  001B                     	;# 
   165  001C                     	;# 
   166  001D                     	;# 
   167  001E                     	;# 
   168  001F                     	;# 
   169  0081                     	;# 
   170  0085                     	;# 
   171  0086                     	;# 
   172  0087                     	;# 
   173  0088                     	;# 
   174  0089                     	;# 
   175  008C                     	;# 
   176  008D                     	;# 
   177  008E                     	;# 
   178  008F                     	;# 
   179  0090                     	;# 
   180  0091                     	;# 
   181  0092                     	;# 
   182  0093                     	;# 
   183  0093                     	;# 
   184  0093                     	;# 
   185  0094                     	;# 
   186  0095                     	;# 
   187  0096                     	;# 
   188  0097                     	;# 
   189  0098                     	;# 
   190  0099                     	;# 
   191  009A                     	;# 
   192  009B                     	;# 
   193  009C                     	;# 
   194  009D                     	;# 
   195  009E                     	;# 
   196  009F                     	;# 
   197  0105                     	;# 
   198  0107                     	;# 
   199  0108                     	;# 
   200  0109                     	;# 
   201  010C                     	;# 
   202  010C                     	;# 
   203  010D                     	;# 
   204  010E                     	;# 
   205  010F                     	;# 
   206  0185                     	;# 
   207  0187                     	;# 
   208  0188                     	;# 
   209  0189                     	;# 
   210  018C                     	;# 
   211  018D                     	;# 
   212                           
   213                           	psect	idataBANK0
   214  0251                     __pidataBANK0:
   215                           
   216                           ;initializer for _disp_selector
   217  0251  3401               	retlw	1
   218  000B                     _INTCONbits	set	11
   219  0001                     _TMR0	set	1
   220  0009                     _PORTE	set	9
   221  0007                     _PORTC	set	7
   222  0008                     _PORTD	set	8
   223  0005                     _PORTA	set	5
   224  0006                     _PORTB	set	6
   225  001E                     _ADRESH	set	30
   226  001F                     _ADCON0bits	set	31
   227  000C                     _PIR1bits	set	12
   228  005A                     _T0IF	set	90
   229  008C                     _PIE1bits	set	140
   230  009F                     _ADCON1bits	set	159
   231  0081                     _OPTION_REGbits	set	129
   232  008F                     _OSCCONbits	set	143
   233  0089                     _TRISE	set	137
   234  0088                     _TRISD	set	136
   235  0087                     _TRISC	set	135
   236  0085                     _TRISA	set	133
   237  0189                     _ANSELH	set	393
   238  0188                     _ANSEL	set	392
   239                           
   240                           	psect	cinit
   241  0015                     start_initialization:	
   242                           ; #config settings
   243                           
   244  0015                     __initialization:
   245                           
   246                           ; Initialize objects allocated to BANK0
   247  0015  120A  118A  2251  120A  118A  	fcall	__pidataBANK0	;fetch initializer
   248  001A  00B6               	movwf	__pdataBANK0& (0+127)
   249                           
   250                           ; Clear objects allocated to BANK0
   251  001B  01A0               	clrf	__pbssBANK0& (0+127)
   252  001C  01A1               	clrf	(__pbssBANK0+1)& (0+127)
   253  001D  01A2               	clrf	(__pbssBANK0+2)& (0+127)
   254  001E  01A3               	clrf	(__pbssBANK0+3)& (0+127)
   255  001F  01A4               	clrf	(__pbssBANK0+4)& (0+127)
   256  0020  01A5               	clrf	(__pbssBANK0+5)& (0+127)
   257  0021  01A6               	clrf	(__pbssBANK0+6)& (0+127)
   258  0022  01A7               	clrf	(__pbssBANK0+7)& (0+127)
   259  0023  01A8               	clrf	(__pbssBANK0+8)& (0+127)
   260  0024  01A9               	clrf	(__pbssBANK0+9)& (0+127)
   261  0025  01AA               	clrf	(__pbssBANK0+10)& (0+127)
   262  0026  01AB               	clrf	(__pbssBANK0+11)& (0+127)
   263  0027  01AC               	clrf	(__pbssBANK0+12)& (0+127)
   264  0028  01AD               	clrf	(__pbssBANK0+13)& (0+127)
   265  0029                     end_of_initialization:	
   266                           ;End of C runtime variable initialization code
   267                           
   268  0029                     __end_of__initialization:
   269  0029  0183               	clrf	3
   270  002A  120A  118A  29E6   	ljmp	_main	;jump to C main() function
   271                           
   272                           	psect	bssBANK0
   273  0020                     __pbssBANK0:
   274  0020                     _dig:
   275  0020                     	ds	6
   276  0026                     _decenas:
   277  0026                     	ds	2
   278  0028                     _unidades:
   279  0028                     	ds	2
   280  002A                     _cont_vol:
   281  002A                     	ds	2
   282  002C                     _cont2:
   283  002C                     	ds	2
   284                           
   285                           	psect	dataBANK0
   286  0036                     __pdataBANK0:
   287  0036                     _disp_selector:
   288  0036                     	ds	1
   289                           
   290                           	psect	cstackCOMMON
   291  0070                     __pcstackCOMMON:
   292  0070                     ?_divisor:
   293  0070                     ?_tmr0:	
   294                           ; 1 bytes @ 0x0
   295                           
   296  0070                     ??_tmr0:	
   297                           ; 1 bytes @ 0x0
   298                           
   299  0070                     ?_displays:	
   300                           ; 1 bytes @ 0x0
   301                           
   302  0070                     ?_setup:	
   303                           ; 1 bytes @ 0x0
   304                           
   305  0070                     ?_isr:	
   306                           ; 1 bytes @ 0x0
   307                           
   308  0070                     ?_main:	
   309                           ; 1 bytes @ 0x0
   310                           
   311  0070                     ?_tabla:	
   312                           ; 1 bytes @ 0x0
   313                           
   314  0070                     ?___awdiv:	
   315                           ; 2 bytes @ 0x0
   316                           
   317  0070                     tabla@a:	
   318                           ; 2 bytes @ 0x0
   319                           
   320  0070                     ___awdiv@divisor:	
   321                           ; 2 bytes @ 0x0
   322                           
   323                           
   324                           ; 2 bytes @ 0x0
   325  0070                     	ds	2
   326  0072                     ??_displays:
   327  0072                     ??_tabla:	
   328                           ; 1 bytes @ 0x2
   329                           
   330  0072                     ___awdiv@dividend:	
   331                           ; 1 bytes @ 0x2
   332                           
   333                           
   334                           ; 2 bytes @ 0x2
   335  0072                     	ds	2
   336  0074                     ??___awdiv:
   337                           
   338                           ; 1 bytes @ 0x4
   339  0074                     	ds	1
   340  0075                     ___awdiv@counter:
   341                           
   342                           ; 1 bytes @ 0x5
   343  0075                     	ds	1
   344  0076                     ___awdiv@sign:
   345                           
   346                           ; 1 bytes @ 0x6
   347  0076                     	ds	1
   348  0077                     ___awdiv@quotient:
   349                           
   350                           ; 2 bytes @ 0x7
   351  0077                     	ds	2
   352  0079                     ??_divisor:
   353                           
   354                           ; 1 bytes @ 0x9
   355  0079                     	ds	3
   356  007C                     divisor@i:
   357                           
   358                           ; 2 bytes @ 0xC
   359  007C                     	ds	2
   360                           
   361                           	psect	cstackBANK0
   362  002E                     __pcstackBANK0:
   363  002E                     ??_isr:
   364                           
   365                           ; 1 bytes @ 0x0
   366  002E                     	ds	6
   367  0034                     ??_setup:
   368                           
   369                           ; 1 bytes @ 0x6
   370  0034                     	ds	1
   371  0035                     ??_main:
   372                           
   373                           ; 1 bytes @ 0x7
   374  0035                     	ds	1
   375                           
   376                           	psect	maintext
   377  01E6                     __pmaintext:	
   378 ;;
   379 ;;Main: autosize = 0, tempsize = 1, incstack = 0, save=0
   380 ;;
   381 ;; *************** function _main *****************
   382 ;; Defined at:
   383 ;;		line 80 in file "LAB1.c"
   384 ;; Parameters:    Size  Location     Type
   385 ;;		None
   386 ;; Auto vars:     Size  Location     Type
   387 ;;		None
   388 ;; Return value:  Size  Location     Type
   389 ;;                  1    wreg      void 
   390 ;; Registers used:
   391 ;;		wreg, status,2, status,0, pclath, cstack
   392 ;; Tracked objects:
   393 ;;		On entry : B00/0
   394 ;;		On exit  : 0/0
   395 ;;		Unchanged: 0/0
   396 ;; Data sizes:     COMMON   BANK0   BANK1   BANK3   BANK2
   397 ;;      Params:         0       0       0       0       0
   398 ;;      Locals:         0       0       0       0       0
   399 ;;      Temps:          0       1       0       0       0
   400 ;;      Totals:         0       1       0       0       0
   401 ;;Total ram usage:        1 bytes
   402 ;; Hardware stack levels required when called: 4
   403 ;; This function calls:
   404 ;;		_setup
   405 ;; This function is called by:
   406 ;;		Startup code after reset
   407 ;; This function uses a non-reentrant model
   408 ;;
   409                           
   410                           
   411                           ;psect for function _main
   412  01E6                     _main:
   413  01E6                     l1281:	
   414                           ;incstack = 0
   415                           ; Regs used in _main: [wreg+status,2+status,0+pclath+cstack]
   416                           
   417                           
   418                           ;LAB1.c: 81:     setup();
   419  01E6  120A  118A  2167  120A  118A  	fcall	_setup
   420  01EB                     l1283:
   421                           
   422                           ;LAB1.c: 82:     ADCON0bits.GO = 1;
   423  01EB  1283               	bcf	3,5	;RP0=0, select bank0
   424  01EC  1303               	bcf	3,6	;RP1=0, select bank0
   425  01ED  149F               	bsf	31,1	;volatile
   426  01EE                     l1285:
   427                           
   428                           ;LAB1.c: 84:         if(ADCON0bits.GO == 0){
   429  01EE  189F               	btfsc	31,1	;volatile
   430  01EF  29F1               	goto	u351
   431  01F0  29F2               	goto	u350
   432  01F1                     u351:
   433  01F1  29EE               	goto	l1285
   434  01F2                     u350:
   435  01F2                     l1287:
   436                           
   437                           ;LAB1.c: 85:             if(ADCON0bits.CHS == 6){
   438  01F2  0C1F               	rrf	31,w	;volatile
   439  01F3  00B5               	movwf	??_main
   440  01F4  0C35               	rrf	??_main,w
   441  01F5  390F               	andlw	15
   442  01F6  3A06               	xorlw	6
   443  01F7  1D03               	skipz
   444  01F8  29FA               	goto	u361
   445  01F9  29FB               	goto	u360
   446  01FA                     u361:
   447  01FA  2A07               	goto	l1293
   448  01FB                     u360:
   449  01FB                     l1289:
   450                           
   451                           ;LAB1.c: 86:                 ADCON0bits.CHS = 5;
   452  01FB  081F               	movf	31,w	;volatile
   453  01FC  39C3               	andlw	-61
   454  01FD  3814               	iorlw	20
   455  01FE  009F               	movwf	31	;volatile
   456  01FF                     l1291:
   457                           
   458                           ;LAB1.c: 87:                 _delay((unsigned long)((50)*(4000000/4000000.0)));
   459  01FF  300F               	movlw	15
   460  0200  1283               	bcf	3,5	;RP0=0, select bank0
   461  0201  1303               	bcf	3,6	;RP1=0, select bank0
   462  0202  00B5               	movwf	??_main
   463  0203                     u377:
   464  0203  0BB5               	decfsz	??_main,f
   465  0204  2A03               	goto	u377
   466  0205  2A06               	nop2
   467                           
   468                           ;LAB1.c: 88:             }
   469  0206  2A0C               	goto	l1297
   470  0207                     l1293:
   471                           
   472                           ;LAB1.c: 90:                 ADCON0bits.CHS = 6;
   473  0207  081F               	movf	31,w	;volatile
   474  0208  39C3               	andlw	-61
   475  0209  3818               	iorlw	24
   476  020A  009F               	movwf	31	;volatile
   477  020B  29FF               	goto	l1291
   478  020C                     l1297:
   479                           
   480                           ;LAB1.c: 93:             _delay((unsigned long)((50)*(4000000/4000000.0)));
   481  020C  300F               	movlw	15
   482  020D  1283               	bcf	3,5	;RP0=0, select bank0
   483  020E  1303               	bcf	3,6	;RP1=0, select bank0
   484  020F  00B5               	movwf	??_main
   485  0210                     u387:
   486  0210  0BB5               	decfsz	??_main,f
   487  0211  2A10               	goto	u387
   488  0212  2A13               	nop2
   489  0213                     l1299:
   490                           
   491                           ;LAB1.c: 94:             ADCON0bits.GO = 1;
   492  0213  1283               	bcf	3,5	;RP0=0, select bank0
   493  0214  1303               	bcf	3,6	;RP1=0, select bank0
   494  0215  149F               	bsf	31,1	;volatile
   495  0216  29EE               	goto	l1285
   496  0217  120A  118A  2812   	ljmp	start
   497  021A                     __end_of_main:
   498                           
   499                           	psect	text1
   500  0167                     __ptext1:	
   501 ;; *************** function _setup *****************
   502 ;; Defined at:
   503 ;;		line 100 in file "LAB1.c"
   504 ;; Parameters:    Size  Location     Type
   505 ;;		None
   506 ;; Auto vars:     Size  Location     Type
   507 ;;		None
   508 ;; Return value:  Size  Location     Type
   509 ;;                  1    wreg      void 
   510 ;; Registers used:
   511 ;;		wreg, status,2, status,0
   512 ;; Tracked objects:
   513 ;;		On entry : 0/0
   514 ;;		On exit  : 0/0
   515 ;;		Unchanged: 0/0
   516 ;; Data sizes:     COMMON   BANK0   BANK1   BANK3   BANK2
   517 ;;      Params:         0       0       0       0       0
   518 ;;      Locals:         0       0       0       0       0
   519 ;;      Temps:          0       1       0       0       0
   520 ;;      Totals:         0       1       0       0       0
   521 ;;Total ram usage:        1 bytes
   522 ;; Hardware stack levels used: 1
   523 ;; Hardware stack levels required when called: 3
   524 ;; This function calls:
   525 ;;		Nothing
   526 ;; This function is called by:
   527 ;;		_main
   528 ;; This function uses a non-reentrant model
   529 ;;
   530                           
   531                           
   532                           ;psect for function _setup
   533  0167                     _setup:
   534  0167                     l1203:	
   535                           ;incstack = 0
   536                           ; Regs used in _setup: [wreg+status,2+status,0]
   537                           
   538                           
   539                           ;LAB1.c: 103:     ANSEL = 0b00100000;
   540  0167  3020               	movlw	32
   541  0168  1683               	bsf	3,5	;RP0=1, select bank3
   542  0169  1703               	bsf	3,6	;RP1=1, select bank3
   543  016A  0088               	movwf	8	;volatile
   544  016B                     l1205:
   545                           
   546                           ;LAB1.c: 104:     ANSELH = 0;
   547  016B  0189               	clrf	9	;volatile
   548  016C                     l1207:
   549                           
   550                           ;LAB1.c: 106:     TRISA = 0;
   551  016C  1683               	bsf	3,5	;RP0=1, select bank1
   552  016D  1303               	bcf	3,6	;RP1=0, select bank1
   553  016E  0185               	clrf	5	;volatile
   554  016F                     l1209:
   555                           
   556                           ;LAB1.c: 107:     TRISC = 0;
   557  016F  0187               	clrf	7	;volatile
   558  0170                     l1211:
   559                           
   560                           ;LAB1.c: 108:     TRISD = 0;
   561  0170  0188               	clrf	8	;volatile
   562                           
   563                           ;LAB1.c: 109:     TRISE = 0b0001;
   564  0171  3001               	movlw	1
   565  0172  0089               	movwf	9	;volatile
   566  0173                     l1213:
   567                           
   568                           ;LAB1.c: 111:     PORTA = 0;
   569  0173  1283               	bcf	3,5	;RP0=0, select bank0
   570  0174  1303               	bcf	3,6	;RP1=0, select bank0
   571  0175  0185               	clrf	5	;volatile
   572  0176                     l1215:
   573                           
   574                           ;LAB1.c: 112:     PORTD = 0;
   575  0176  0188               	clrf	8	;volatile
   576  0177                     l1217:
   577                           
   578                           ;LAB1.c: 113:     PORTC = 0;
   579  0177  0187               	clrf	7	;volatile
   580  0178                     l1219:
   581                           
   582                           ;LAB1.c: 114:     PORTE = 0;
   583  0178  0189               	clrf	9	;volatile
   584  0179                     l1221:
   585                           
   586                           ;LAB1.c: 117:     OSCCONbits.IRCF = 0b0110;
   587  0179  1683               	bsf	3,5	;RP0=1, select bank1
   588  017A  1303               	bcf	3,6	;RP1=0, select bank1
   589  017B  080F               	movf	15,w	;volatile
   590  017C  398F               	andlw	-113
   591  017D  3860               	iorlw	96
   592  017E  008F               	movwf	15	;volatile
   593  017F                     l1223:
   594                           
   595                           ;LAB1.c: 118:     OSCCONbits.SCS = 1;
   596  017F  140F               	bsf	15,0	;volatile
   597  0180                     l1225:
   598                           
   599                           ;LAB1.c: 121:     OPTION_REGbits.T0CS = 0;
   600  0180  1281               	bcf	1,5	;volatile
   601  0181                     l1227:
   602                           
   603                           ;LAB1.c: 122:     OPTION_REGbits.T0SE = 0;
   604  0181  1201               	bcf	1,4	;volatile
   605  0182                     l1229:
   606                           
   607                           ;LAB1.c: 123:     OPTION_REGbits.PSA = 0;
   608  0182  1181               	bcf	1,3	;volatile
   609  0183                     l1231:
   610                           
   611                           ;LAB1.c: 124:     OPTION_REGbits.PS2 = 1;
   612  0183  1501               	bsf	1,2	;volatile
   613  0184                     l1233:
   614                           
   615                           ;LAB1.c: 125:     OPTION_REGbits.PS1 = 1;
   616  0184  1481               	bsf	1,1	;volatile
   617  0185                     l1235:
   618                           
   619                           ;LAB1.c: 126:     OPTION_REGbits.PS0 = 1;
   620  0185  1401               	bsf	1,0	;volatile
   621  0186                     l1237:
   622                           
   623                           ;LAB1.c: 127:     TMR0 = 237;
   624  0186  30ED               	movlw	237
   625  0187  1283               	bcf	3,5	;RP0=0, select bank0
   626  0188  1303               	bcf	3,6	;RP1=0, select bank0
   627  0189  0081               	movwf	1	;volatile
   628  018A                     l1239:
   629                           
   630                           ;LAB1.c: 130:     ADCON1bits.ADFM = 0;
   631  018A  1683               	bsf	3,5	;RP0=1, select bank1
   632  018B  1303               	bcf	3,6	;RP1=0, select bank1
   633  018C  139F               	bcf	31,7	;volatile
   634  018D                     l1241:
   635                           
   636                           ;LAB1.c: 131:     ADCON1bits.VCFG0 = 0;
   637  018D  121F               	bcf	31,4	;volatile
   638  018E                     l1243:
   639                           
   640                           ;LAB1.c: 132:     ADCON1bits.VCFG1 = 0;
   641  018E  129F               	bcf	31,5	;volatile
   642                           
   643                           ;LAB1.c: 134:     ADCON0bits.ADCS = 0b01;
   644  018F  1283               	bcf	3,5	;RP0=0, select bank0
   645  0190  1303               	bcf	3,6	;RP1=0, select bank0
   646  0191  081F               	movf	31,w	;volatile
   647  0192  393F               	andlw	-193
   648  0193  3840               	iorlw	64
   649  0194  009F               	movwf	31	;volatile
   650                           
   651                           ;LAB1.c: 135:     ADCON0bits.CHS = 5;
   652  0195  081F               	movf	31,w	;volatile
   653  0196  39C3               	andlw	-61
   654  0197  3814               	iorlw	20
   655  0198  009F               	movwf	31	;volatile
   656  0199                     l1245:
   657                           
   658                           ;LAB1.c: 136:     ADCON0bits.ADON = 1;
   659  0199  141F               	bsf	31,0	;volatile
   660  019A                     l1247:
   661                           
   662                           ;LAB1.c: 137:     _delay((unsigned long)((50)*(4000000/4000000.0)));
   663  019A  300F               	movlw	15
   664  019B  1283               	bcf	3,5	;RP0=0, select bank0
   665  019C  1303               	bcf	3,6	;RP1=0, select bank0
   666  019D  00B4               	movwf	??_setup
   667  019E                     u397:
   668  019E  0BB4               	decfsz	??_setup,f
   669  019F  299E               	goto	u397
   670  01A0  29A1               	nop2
   671  01A1                     l1249:
   672                           
   673                           ;LAB1.c: 140:     INTCONbits.T0IF = 0;
   674  01A1  110B               	bcf	11,2	;volatile
   675  01A2                     l1251:
   676                           
   677                           ;LAB1.c: 141:     INTCONbits.T0IE = 1;
   678  01A2  168B               	bsf	11,5	;volatile
   679  01A3                     l1253:
   680                           
   681                           ;LAB1.c: 142:     INTCONbits.GIE = 1;
   682  01A3  178B               	bsf	11,7	;volatile
   683  01A4                     l1255:
   684                           
   685                           ;LAB1.c: 143:     PIR1bits.ADIF = 0;
   686  01A4  1283               	bcf	3,5	;RP0=0, select bank0
   687  01A5  1303               	bcf	3,6	;RP1=0, select bank0
   688  01A6  130C               	bcf	12,6	;volatile
   689  01A7                     l1257:
   690                           
   691                           ;LAB1.c: 144:     PIE1bits.ADIE = 1;
   692  01A7  1683               	bsf	3,5	;RP0=1, select bank1
   693  01A8  1303               	bcf	3,6	;RP1=0, select bank1
   694  01A9  170C               	bsf	12,6	;volatile
   695  01AA                     l1259:
   696                           
   697                           ;LAB1.c: 145:     INTCONbits.PEIE = 1;
   698  01AA  170B               	bsf	11,6	;volatile
   699  01AB                     l89:
   700  01AB  0008               	return
   701  01AC                     __end_of_setup:
   702                           
   703                           	psect	text2
   704  01AC                     __ptext2:	
   705 ;; *************** function _isr *****************
   706 ;; Defined at:
   707 ;;		line 62 in file "LAB1.c"
   708 ;; Parameters:    Size  Location     Type
   709 ;;		None
   710 ;; Auto vars:     Size  Location     Type
   711 ;;		None
   712 ;; Return value:  Size  Location     Type
   713 ;;                  1    wreg      void 
   714 ;; Registers used:
   715 ;;		wreg, fsr0l, fsr0h, status,2, status,0, btemp+1, pclath, cstack
   716 ;; Tracked objects:
   717 ;;		On entry : 0/0
   718 ;;		On exit  : 0/0
   719 ;;		Unchanged: 0/0
   720 ;; Data sizes:     COMMON   BANK0   BANK1   BANK3   BANK2
   721 ;;      Params:         0       0       0       0       0
   722 ;;      Locals:         0       0       0       0       0
   723 ;;      Temps:          0       6       0       0       0
   724 ;;      Totals:         0       6       0       0       0
   725 ;;Total ram usage:        6 bytes
   726 ;; Hardware stack levels used: 1
   727 ;; Hardware stack levels required when called: 2
   728 ;; This function calls:
   729 ;;		_displays
   730 ;;		_divisor
   731 ;;		_tmr0
   732 ;; This function is called by:
   733 ;;		Interrupt level 1
   734 ;; This function uses a non-reentrant model
   735 ;;
   736                           
   737                           
   738                           ;psect for function _isr
   739  01AC                     _isr:
   740  01AC                     i1l1263:
   741                           
   742                           ;LAB1.c: 63:     if(PIR1bits.ADIF){
   743  01AC  1F0C               	btfss	12,6	;volatile
   744  01AD  29AF               	goto	u32_21
   745  01AE  29B0               	goto	u32_20
   746  01AF                     u32_21:
   747  01AF  29CB               	goto	i1l1275
   748  01B0                     u32_20:
   749  01B0                     i1l1265:
   750                           
   751                           ;LAB1.c: 64:         if(ADCON0bits.CHS == 5){
   752  01B0  0C1F               	rrf	31,w	;volatile
   753  01B1  00AE               	movwf	??_isr
   754  01B2  0C2E               	rrf	??_isr,w
   755  01B3  390F               	andlw	15
   756  01B4  3A05               	xorlw	5
   757  01B5  1D03               	skipz
   758  01B6  29B8               	goto	u33_21
   759  01B7  29B9               	goto	u33_20
   760  01B8                     u33_21:
   761  01B8  29C6               	goto	i1l1271
   762  01B9                     u33_20:
   763  01B9                     i1l1267:
   764                           
   765                           ;LAB1.c: 65:             unidades = ADRESH;
   766  01B9  081E               	movf	30,w	;volatile
   767  01BA  00AE               	movwf	??_isr
   768  01BB  01AF               	clrf	??_isr+1
   769  01BC  082E               	movf	??_isr,w
   770  01BD  00A8               	movwf	_unidades
   771  01BE  082F               	movf	??_isr+1,w
   772  01BF  00A9               	movwf	_unidades+1
   773  01C0                     i1l1269:
   774                           
   775                           ;LAB1.c: 66:             divisor();
   776  01C0  120A  118A  211D  120A  118A  	fcall	_divisor
   777                           
   778                           ;LAB1.c: 67:         }
   779  01C5  29C8               	goto	i1l1273
   780  01C6                     i1l1271:
   781                           
   782                           ;LAB1.c: 69:             PORTB = ADRESH;
   783  01C6  081E               	movf	30,w	;volatile
   784  01C7  0086               	movwf	6	;volatile
   785  01C8                     i1l1273:
   786                           
   787                           ;LAB1.c: 71:         PIR1bits.ADIF = 0;
   788  01C8  1283               	bcf	3,5	;RP0=0, select bank0
   789  01C9  1303               	bcf	3,6	;RP1=0, select bank0
   790  01CA  130C               	bcf	12,6	;volatile
   791  01CB                     i1l1275:
   792                           
   793                           ;LAB1.c: 73:     if(T0IF){
   794  01CB  1D0B               	btfss	11,2	;volatile
   795  01CC  29CE               	goto	u34_21
   796  01CD  29CF               	goto	u34_20
   797  01CE                     u34_21:
   798  01CE  29D9               	goto	i1l75
   799  01CF                     u34_20:
   800  01CF                     i1l1277:
   801                           
   802                           ;LAB1.c: 74:         tmr0();
   803  01CF  120A  118A  224B  120A  118A  	fcall	_tmr0
   804  01D4                     i1l1279:
   805                           
   806                           ;LAB1.c: 75:         displays();
   807  01D4  120A  118A  221A  120A  118A  	fcall	_displays
   808  01D9                     i1l75:
   809  01D9  1283               	bcf	3,5	;RP0=0, select bank0
   810  01DA  1303               	bcf	3,6	;RP1=0, select bank0
   811  01DB  0833               	movf	??_isr+5,w
   812  01DC  00FF               	movwf	btemp+1
   813  01DD  0832               	movf	??_isr+4,w
   814  01DE  008A               	movwf	10
   815  01DF  0831               	movf	??_isr+3,w
   816  01E0  0084               	movwf	4
   817  01E1  0E30               	swapf	??_isr+2,w
   818  01E2  0083               	movwf	3
   819  01E3  0EFE               	swapf	btemp,f
   820  01E4  0E7E               	swapf	btemp,w
   821  01E5  0009               	retfie
   822  01E6                     __end_of_isr:
   823                           
   824                           	psect	intentry
   825  0004                     __pintentry:	
   826                           ;incstack = 0
   827                           ; Regs used in _isr: [wreg-fsr0h+status,2+status,0+btemp+1+pclath+cstack]
   828                           
   829  0004                     interrupt_function:
   830  007E                     saved_w	set	btemp
   831  0004  00FE               	movwf	btemp
   832  0005  0E03               	swapf	3,w
   833  0006  1283               	bcf	3,5	;RP0=0, select bank0
   834  0007  1303               	bcf	3,6	;RP1=0, select bank0
   835  0008  00B0               	movwf	??_isr+2
   836  0009  0804               	movf	4,w
   837  000A  00B1               	movwf	??_isr+3
   838  000B  080A               	movf	10,w
   839  000C  00B2               	movwf	??_isr+4
   840  000D  087F               	movf	btemp+1,w
   841  000E  00B3               	movwf	??_isr+5
   842  000F  120A  118A  29AC   	ljmp	_isr
   843                           
   844                           	psect	text3
   845  024B                     __ptext3:	
   846 ;; *************** function _tmr0 *****************
   847 ;; Defined at:
   848 ;;		line 150 in file "LAB1.c"
   849 ;; Parameters:    Size  Location     Type
   850 ;;		None
   851 ;; Auto vars:     Size  Location     Type
   852 ;;		None
   853 ;; Return value:  Size  Location     Type
   854 ;;                  1    wreg      void 
   855 ;; Registers used:
   856 ;;		wreg
   857 ;; Tracked objects:
   858 ;;		On entry : 0/0
   859 ;;		On exit  : 0/0
   860 ;;		Unchanged: 0/0
   861 ;; Data sizes:     COMMON   BANK0   BANK1   BANK3   BANK2
   862 ;;      Params:         0       0       0       0       0
   863 ;;      Locals:         0       0       0       0       0
   864 ;;      Temps:          0       0       0       0       0
   865 ;;      Totals:         0       0       0       0       0
   866 ;;Total ram usage:        0 bytes
   867 ;; Hardware stack levels used: 1
   868 ;; This function calls:
   869 ;;		Nothing
   870 ;; This function is called by:
   871 ;;		_isr
   872 ;; This function uses a non-reentrant model
   873 ;;
   874                           
   875                           
   876                           ;psect for function _tmr0
   877  024B                     _tmr0:
   878  024B                     i1l1183:	
   879                           ;incstack = 0
   880                           ; Regs used in _tmr0: [wreg]
   881                           
   882                           
   883                           ;LAB1.c: 151:     INTCONbits.T0IF = 0;
   884  024B  110B               	bcf	11,2	;volatile
   885  024C                     i1l1185:
   886                           
   887                           ;LAB1.c: 152:     TMR0 = 237;
   888  024C  30ED               	movlw	237
   889  024D  1283               	bcf	3,5	;RP0=0, select bank0
   890  024E  1303               	bcf	3,6	;RP1=0, select bank0
   891  024F  0081               	movwf	1	;volatile
   892  0250                     i1l92:
   893  0250  0008               	return
   894  0251                     __end_of_tmr0:
   895                           
   896                           	psect	text4
   897  011D                     __ptext4:	
   898 ;; *************** function _divisor *****************
   899 ;; Defined at:
   900 ;;		line 156 in file "LAB1.c"
   901 ;; Parameters:    Size  Location     Type
   902 ;;		None
   903 ;; Auto vars:     Size  Location     Type
   904 ;;  i               2   12[COMMON] int 
   905 ;; Return value:  Size  Location     Type
   906 ;;                  1    wreg      void 
   907 ;; Registers used:
   908 ;;		wreg, fsr0l, fsr0h, status,2, status,0, btemp+1, pclath, cstack
   909 ;; Tracked objects:
   910 ;;		On entry : 0/0
   911 ;;		On exit  : 0/0
   912 ;;		Unchanged: 0/0
   913 ;; Data sizes:     COMMON   BANK0   BANK1   BANK3   BANK2
   914 ;;      Params:         0       0       0       0       0
   915 ;;      Locals:         2       0       0       0       0
   916 ;;      Temps:          3       0       0       0       0
   917 ;;      Totals:         5       0       0       0       0
   918 ;;Total ram usage:        5 bytes
   919 ;; Hardware stack levels used: 1
   920 ;; Hardware stack levels required when called: 1
   921 ;; This function calls:
   922 ;;		___awdiv
   923 ;; This function is called by:
   924 ;;		_isr
   925 ;; This function uses a non-reentrant model
   926 ;;
   927                           
   928                           
   929                           ;psect for function _divisor
   930  011D                     _divisor:
   931  011D                     i1l1169:	
   932                           ;incstack = 0
   933                           ; Regs used in _divisor: [wreg-fsr0h+status,2+status,0+btemp+1+pclath+cstack]
   934                           
   935                           
   936                           ;LAB1.c: 157:     for(int i = 0; i<3 ; i++){
   937  011D  01FC               	clrf	divisor@i
   938  011E  01FD               	clrf	divisor@i+1
   939  011F                     i1l1175:
   940                           
   941                           ;LAB1.c: 158:         dig[i] = unidades % 16;
   942  011F  300F               	movlw	15
   943  0120  1283               	bcf	3,5	;RP0=0, select bank0
   944  0121  1303               	bcf	3,6	;RP1=0, select bank0
   945  0122  0528               	andwf	_unidades,w
   946  0123  00F9               	movwf	??_divisor
   947  0124  3000               	movlw	0
   948  0125  0529               	andwf	_unidades+1,w
   949  0126  00FA               	movwf	??_divisor+1
   950  0127  087C               	movf	divisor@i,w
   951  0128  00FB               	movwf	??_divisor+2
   952  0129  077B               	addwf	??_divisor+2,w
   953  012A  3E20               	addlw	(low (_dig| 0))& (0+255)
   954  012B  0084               	movwf	4
   955  012C  0879               	movf	??_divisor,w
   956  012D  1383               	bcf	3,7	;select IRP bank0
   957  012E  0080               	movwf	0
   958  012F  0A84               	incf	4,f
   959  0130  087A               	movf	??_divisor+1,w
   960  0131  0080               	movwf	0
   961  0132                     i1l1177:
   962                           
   963                           ;LAB1.c: 159:         unidades = (unidades - dig[i])/16;
   964  0132  3010               	movlw	16
   965  0133  00F0               	movwf	___awdiv@divisor
   966  0134  3000               	movlw	0
   967  0135  00F1               	movwf	___awdiv@divisor+1
   968  0136  087C               	movf	divisor@i,w
   969  0137  00F9               	movwf	??_divisor
   970  0138  0779               	addwf	??_divisor,w
   971  0139  3E20               	addlw	(low (_dig| 0))& (0+255)
   972  013A  0084               	movwf	4
   973  013B  0800               	movf	0,w
   974  013C  00FA               	movwf	??_divisor+1
   975  013D  0A84               	incf	4,f
   976  013E  0800               	movf	0,w
   977  013F  00FB               	movwf	??_divisor+2
   978  0140  087A               	movf	??_divisor+1,w
   979  0141  0228               	subwf	_unidades,w
   980  0142  00F2               	movwf	___awdiv@dividend
   981  0143  087B               	movf	??_divisor+2,w
   982  0144  1C03               	skipc
   983  0145  0A7B               	incf	??_divisor+2,w
   984  0146  0229               	subwf	_unidades+1,w
   985  0147  00F3               	movwf	___awdiv@dividend+1
   986  0148  120A  118A  20B6  120A  118A  	fcall	___awdiv
   987  014D  0871               	movf	?___awdiv+1,w
   988  014E  1283               	bcf	3,5	;RP0=0, select bank0
   989  014F  1303               	bcf	3,6	;RP1=0, select bank0
   990  0150  00A9               	movwf	_unidades+1
   991  0151  0870               	movf	?___awdiv,w
   992  0152  00A8               	movwf	_unidades
   993  0153                     i1l1179:
   994                           
   995                           ;LAB1.c: 160:     }
   996  0153  3001               	movlw	1
   997  0154  07FC               	addwf	divisor@i,f
   998  0155  1803               	skipnc
   999  0156  0AFD               	incf	divisor@i+1,f
  1000  0157  3000               	movlw	0
  1001  0158  07FD               	addwf	divisor@i+1,f
  1002  0159                     i1l1181:
  1003  0159  087D               	movf	divisor@i+1,w
  1004  015A  3A80               	xorlw	128
  1005  015B  00FF               	movwf	btemp+1
  1006  015C  3080               	movlw	128
  1007  015D  027F               	subwf	btemp+1,w
  1008  015E  1D03               	skipz
  1009  015F  2962               	goto	u29_25
  1010  0160  3003               	movlw	3
  1011  0161  027C               	subwf	divisor@i,w
  1012  0162                     u29_25:
  1013  0162  1C03               	skipc
  1014  0163  2965               	goto	u29_21
  1015  0164  2966               	goto	u29_20
  1016  0165                     u29_21:
  1017  0165  291F               	goto	i1l1175
  1018  0166                     u29_20:
  1019  0166                     i1l97:
  1020  0166  0008               	return
  1021  0167                     __end_of_divisor:
  1022                           
  1023                           	psect	text5
  1024  00B6                     __ptext5:	
  1025 ;; *************** function ___awdiv *****************
  1026 ;; Defined at:
  1027 ;;		line 5 in file "C:\Program Files\Microchip\xc8\v2.32\pic\sources\c90\common\awdiv.c"
  1028 ;; Parameters:    Size  Location     Type
  1029 ;;  divisor         2    0[COMMON] int 
  1030 ;;  dividend        2    2[COMMON] int 
  1031 ;; Auto vars:     Size  Location     Type
  1032 ;;  quotient        2    7[COMMON] int 
  1033 ;;  sign            1    6[COMMON] unsigned char 
  1034 ;;  counter         1    5[COMMON] unsigned char 
  1035 ;; Return value:  Size  Location     Type
  1036 ;;                  2    0[COMMON] int 
  1037 ;; Registers used:
  1038 ;;		wreg, status,2, status,0
  1039 ;; Tracked objects:
  1040 ;;		On entry : 0/0
  1041 ;;		On exit  : 0/0
  1042 ;;		Unchanged: 0/0
  1043 ;; Data sizes:     COMMON   BANK0   BANK1   BANK3   BANK2
  1044 ;;      Params:         4       0       0       0       0
  1045 ;;      Locals:         4       0       0       0       0
  1046 ;;      Temps:          1       0       0       0       0
  1047 ;;      Totals:         9       0       0       0       0
  1048 ;;Total ram usage:        9 bytes
  1049 ;; Hardware stack levels used: 1
  1050 ;; This function calls:
  1051 ;;		Nothing
  1052 ;; This function is called by:
  1053 ;;		_divisor
  1054 ;; This function uses a non-reentrant model
  1055 ;;
  1056                           
  1057                           
  1058                           ;psect for function ___awdiv
  1059  00B6                     ___awdiv:
  1060  00B6                     i1l1125:	
  1061                           ;incstack = 0
  1062                           ; Regs used in ___awdiv: [wreg+status,2+status,0]
  1063                           
  1064  00B6  01F6               	clrf	___awdiv@sign
  1065  00B7                     i1l1127:
  1066  00B7  1FF1               	btfss	___awdiv@divisor+1,7
  1067  00B8  28BA               	goto	u19_21
  1068  00B9  28BB               	goto	u19_20
  1069  00BA                     u19_21:
  1070  00BA  28C2               	goto	i1l1133
  1071  00BB                     u19_20:
  1072  00BB                     i1l1129:
  1073  00BB  09F0               	comf	___awdiv@divisor,f
  1074  00BC  09F1               	comf	___awdiv@divisor+1,f
  1075  00BD  0AF0               	incf	___awdiv@divisor,f
  1076  00BE  1903               	skipnz
  1077  00BF  0AF1               	incf	___awdiv@divisor+1,f
  1078  00C0                     i1l1131:
  1079  00C0  01F6               	clrf	___awdiv@sign
  1080  00C1  0AF6               	incf	___awdiv@sign,f
  1081  00C2                     i1l1133:
  1082  00C2  1FF3               	btfss	___awdiv@dividend+1,7
  1083  00C3  28C5               	goto	u20_21
  1084  00C4  28C6               	goto	u20_20
  1085  00C5                     u20_21:
  1086  00C5  28CF               	goto	i1l1139
  1087  00C6                     u20_20:
  1088  00C6                     i1l1135:
  1089  00C6  09F2               	comf	___awdiv@dividend,f
  1090  00C7  09F3               	comf	___awdiv@dividend+1,f
  1091  00C8  0AF2               	incf	___awdiv@dividend,f
  1092  00C9  1903               	skipnz
  1093  00CA  0AF3               	incf	___awdiv@dividend+1,f
  1094  00CB                     i1l1137:
  1095  00CB  3001               	movlw	1
  1096  00CC  00F4               	movwf	??___awdiv
  1097  00CD  0874               	movf	??___awdiv,w
  1098  00CE  06F6               	xorwf	___awdiv@sign,f
  1099  00CF                     i1l1139:
  1100  00CF  01F7               	clrf	___awdiv@quotient
  1101  00D0  01F8               	clrf	___awdiv@quotient+1
  1102  00D1                     i1l1141:
  1103  00D1  0870               	movf	___awdiv@divisor,w
  1104  00D2  0471               	iorwf	___awdiv@divisor+1,w
  1105  00D3  1903               	btfsc	3,2
  1106  00D4  28D6               	goto	u21_21
  1107  00D5  28D7               	goto	u21_20
  1108  00D6                     u21_21:
  1109  00D6  290E               	goto	i1l1161
  1110  00D7                     u21_20:
  1111  00D7                     i1l1143:
  1112  00D7  01F5               	clrf	___awdiv@counter
  1113  00D8  0AF5               	incf	___awdiv@counter,f
  1114  00D9  28E5               	goto	i1l1149
  1115  00DA                     i1l1145:
  1116  00DA  3001               	movlw	1
  1117  00DB                     u22_25:
  1118  00DB  1003               	clrc
  1119  00DC  0DF0               	rlf	___awdiv@divisor,f
  1120  00DD  0DF1               	rlf	___awdiv@divisor+1,f
  1121  00DE  3EFF               	addlw	-1
  1122  00DF  1D03               	skipz
  1123  00E0  28DB               	goto	u22_25
  1124  00E1                     i1l1147:
  1125  00E1  3001               	movlw	1
  1126  00E2  00F4               	movwf	??___awdiv
  1127  00E3  0874               	movf	??___awdiv,w
  1128  00E4  07F5               	addwf	___awdiv@counter,f
  1129  00E5                     i1l1149:
  1130  00E5  1FF1               	btfss	___awdiv@divisor+1,7
  1131  00E6  28E8               	goto	u23_21
  1132  00E7  28E9               	goto	u23_20
  1133  00E8                     u23_21:
  1134  00E8  28DA               	goto	i1l1145
  1135  00E9                     u23_20:
  1136  00E9                     i1l1151:
  1137  00E9  3001               	movlw	1
  1138  00EA                     u24_25:
  1139  00EA  1003               	clrc
  1140  00EB  0DF7               	rlf	___awdiv@quotient,f
  1141  00EC  0DF8               	rlf	___awdiv@quotient+1,f
  1142  00ED  3EFF               	addlw	-1
  1143  00EE  1D03               	skipz
  1144  00EF  28EA               	goto	u24_25
  1145  00F0  0871               	movf	___awdiv@divisor+1,w
  1146  00F1  0273               	subwf	___awdiv@dividend+1,w
  1147  00F2  1D03               	skipz
  1148  00F3  28F6               	goto	u25_25
  1149  00F4  0870               	movf	___awdiv@divisor,w
  1150  00F5  0272               	subwf	___awdiv@dividend,w
  1151  00F6                     u25_25:
  1152  00F6  1C03               	skipc
  1153  00F7  28F9               	goto	u25_21
  1154  00F8  28FA               	goto	u25_20
  1155  00F9                     u25_21:
  1156  00F9  2901               	goto	i1l1157
  1157  00FA                     u25_20:
  1158  00FA                     i1l1153:
  1159  00FA  0870               	movf	___awdiv@divisor,w
  1160  00FB  02F2               	subwf	___awdiv@dividend,f
  1161  00FC  0871               	movf	___awdiv@divisor+1,w
  1162  00FD  1C03               	skipc
  1163  00FE  03F3               	decf	___awdiv@dividend+1,f
  1164  00FF  02F3               	subwf	___awdiv@dividend+1,f
  1165  0100                     i1l1155:
  1166  0100  1477               	bsf	___awdiv@quotient,0
  1167  0101                     i1l1157:
  1168  0101  3001               	movlw	1
  1169  0102                     u26_25:
  1170  0102  1003               	clrc
  1171  0103  0CF1               	rrf	___awdiv@divisor+1,f
  1172  0104  0CF0               	rrf	___awdiv@divisor,f
  1173  0105  3EFF               	addlw	-1
  1174  0106  1D03               	skipz
  1175  0107  2902               	goto	u26_25
  1176  0108                     i1l1159:
  1177  0108  3001               	movlw	1
  1178  0109  02F5               	subwf	___awdiv@counter,f
  1179  010A  1D03               	btfss	3,2
  1180  010B  290D               	goto	u27_21
  1181  010C  290E               	goto	u27_20
  1182  010D                     u27_21:
  1183  010D  28E9               	goto	i1l1151
  1184  010E                     u27_20:
  1185  010E                     i1l1161:
  1186  010E  0876               	movf	___awdiv@sign,w
  1187  010F  1903               	btfsc	3,2
  1188  0110  2912               	goto	u28_21
  1189  0111  2913               	goto	u28_20
  1190  0112                     u28_21:
  1191  0112  2918               	goto	i1l1165
  1192  0113                     u28_20:
  1193  0113                     i1l1163:
  1194  0113  09F7               	comf	___awdiv@quotient,f
  1195  0114  09F8               	comf	___awdiv@quotient+1,f
  1196  0115  0AF7               	incf	___awdiv@quotient,f
  1197  0116  1903               	skipnz
  1198  0117  0AF8               	incf	___awdiv@quotient+1,f
  1199  0118                     i1l1165:
  1200  0118  0878               	movf	___awdiv@quotient+1,w
  1201  0119  00F1               	movwf	?___awdiv+1
  1202  011A  0877               	movf	___awdiv@quotient,w
  1203  011B  00F0               	movwf	?___awdiv
  1204  011C                     i1l364:
  1205  011C  0008               	return
  1206  011D                     __end_of___awdiv:
  1207                           
  1208                           	psect	text6
  1209  021A                     __ptext6:	
  1210 ;; *************** function _displays *****************
  1211 ;; Defined at:
  1212 ;;		line 163 in file "LAB1.c"
  1213 ;; Parameters:    Size  Location     Type
  1214 ;;		None
  1215 ;; Auto vars:     Size  Location     Type
  1216 ;;		None
  1217 ;; Return value:  Size  Location     Type
  1218 ;;                  1    wreg      void 
  1219 ;; Registers used:
  1220 ;;		wreg, fsr0l, fsr0h, status,2, status,0, pclath, cstack
  1221 ;; Tracked objects:
  1222 ;;		On entry : 0/0
  1223 ;;		On exit  : 0/0
  1224 ;;		Unchanged: 0/0
  1225 ;; Data sizes:     COMMON   BANK0   BANK1   BANK3   BANK2
  1226 ;;      Params:         0       0       0       0       0
  1227 ;;      Locals:         0       0       0       0       0
  1228 ;;      Temps:          1       0       0       0       0
  1229 ;;      Totals:         1       0       0       0       0
  1230 ;;Total ram usage:        1 bytes
  1231 ;; Hardware stack levels used: 1
  1232 ;; Hardware stack levels required when called: 1
  1233 ;; This function calls:
  1234 ;;		_tabla
  1235 ;; This function is called by:
  1236 ;;		_isr
  1237 ;; This function uses a non-reentrant model
  1238 ;;
  1239                           
  1240                           
  1241                           ;psect for function _displays
  1242  021A                     _displays:
  1243  021A                     i1l1189:	
  1244                           ;incstack = 0
  1245                           ; Regs used in _displays: [wreg-fsr0h+status,2+status,0+pclath+cstack]
  1246                           
  1247                           
  1248                           ;LAB1.c: 164:     PORTD = disp_selector;
  1249  021A  1283               	bcf	3,5	;RP0=0, select bank0
  1250  021B  1303               	bcf	3,6	;RP1=0, select bank0
  1251  021C  0836               	movf	_disp_selector,w
  1252  021D  0088               	movwf	8	;volatile
  1253  021E                     i1l1191:
  1254                           
  1255                           ;LAB1.c: 165:     if(disp_selector == 0b001){
  1256  021E  0336               	decf	_disp_selector,w
  1257  021F  1D03               	btfss	3,2
  1258  0220  2A22               	goto	u30_21
  1259  0221  2A23               	goto	u30_20
  1260  0222                     u30_21:
  1261  0222  2A35               	goto	i1l1197
  1262  0223                     u30_20:
  1263  0223                     i1l1193:
  1264                           
  1265                           ;LAB1.c: 166:         PORTC = tabla(dig[0]);
  1266  0223  0821               	movf	_dig+1,w
  1267  0224  00F1               	movwf	tabla@a+1
  1268  0225  0820               	movf	_dig,w
  1269  0226  00F0               	movwf	tabla@a
  1270  0227  120A  118A  202D  120A  118A  	fcall	_tabla
  1271  022C  0870               	movf	?_tabla,w
  1272  022D  1283               	bcf	3,5	;RP0=0, select bank0
  1273  022E  1303               	bcf	3,6	;RP1=0, select bank0
  1274  022F  0087               	movwf	7	;volatile
  1275  0230                     i1l1195:
  1276                           
  1277                           ;LAB1.c: 167:         disp_selector = 0b010;
  1278  0230  3002               	movlw	2
  1279  0231  00F2               	movwf	??_displays
  1280  0232  0872               	movf	??_displays,w
  1281  0233  00B6               	movwf	_disp_selector
  1282                           
  1283                           ;LAB1.c: 168:     }
  1284  0234  2A4A               	goto	i1l103
  1285  0235                     i1l1197:
  1286  0235  3002               	movlw	2
  1287  0236  0636               	xorwf	_disp_selector,w
  1288  0237  1D03               	btfss	3,2
  1289  0238  2A3A               	goto	u31_21
  1290  0239  2A3B               	goto	u31_20
  1291  023A                     u31_21:
  1292  023A  2A4A               	goto	i1l103
  1293  023B                     u31_20:
  1294  023B                     i1l1199:
  1295                           
  1296                           ;LAB1.c: 170:         PORTC = tabla(dig[1]);
  1297  023B  0823               	movf	_dig+3,w
  1298  023C  00F1               	movwf	tabla@a+1
  1299  023D  0822               	movf	_dig+2,w
  1300  023E  00F0               	movwf	tabla@a
  1301  023F  120A  118A  202D  120A  118A  	fcall	_tabla
  1302  0244  0870               	movf	?_tabla,w
  1303  0245  1283               	bcf	3,5	;RP0=0, select bank0
  1304  0246  1303               	bcf	3,6	;RP1=0, select bank0
  1305  0247  0087               	movwf	7	;volatile
  1306  0248                     i1l1201:
  1307                           
  1308                           ;LAB1.c: 171:         disp_selector = 0b001;
  1309  0248  01B6               	clrf	_disp_selector
  1310  0249  0AB6               	incf	_disp_selector,f
  1311  024A                     i1l103:
  1312  024A  0008               	return
  1313  024B                     __end_of_displays:
  1314                           
  1315                           	psect	text7
  1316  002D                     __ptext7:	
  1317 ;; *************** function _tabla *****************
  1318 ;; Defined at:
  1319 ;;		line 175 in file "LAB1.c"
  1320 ;; Parameters:    Size  Location     Type
  1321 ;;  a               2    0[COMMON] int 
  1322 ;; Auto vars:     Size  Location     Type
  1323 ;;		None
  1324 ;; Return value:  Size  Location     Type
  1325 ;;                  2    0[COMMON] int 
  1326 ;; Registers used:
  1327 ;;		wreg, fsr0l, fsr0h, status,2, status,0
  1328 ;; Tracked objects:
  1329 ;;		On entry : 0/0
  1330 ;;		On exit  : 0/0
  1331 ;;		Unchanged: 0/0
  1332 ;; Data sizes:     COMMON   BANK0   BANK1   BANK3   BANK2
  1333 ;;      Params:         2       0       0       0       0
  1334 ;;      Locals:         0       0       0       0       0
  1335 ;;      Temps:          0       0       0       0       0
  1336 ;;      Totals:         2       0       0       0       0
  1337 ;;Total ram usage:        2 bytes
  1338 ;; Hardware stack levels used: 1
  1339 ;; This function calls:
  1340 ;;		Nothing
  1341 ;; This function is called by:
  1342 ;;		_displays
  1343 ;; This function uses a non-reentrant model
  1344 ;;
  1345                           
  1346                           
  1347                           ;psect for function _tabla
  1348  002D                     _tabla:
  1349  002D                     i1l1019:	
  1350                           ;incstack = 0
  1351                           ; Regs used in _tabla: [wreg-fsr0h+status,2+status,0]
  1352                           
  1353                           
  1354                           ;LAB1.c: 176:     switch (a){
  1355  002D  287E               	goto	i1l1119
  1356  002E                     i1l1021:
  1357                           
  1358                           ;LAB1.c: 178:             return 0b00111111;
  1359  002E  303F               	movlw	63
  1360  002F  00F0               	movwf	?_tabla
  1361  0030  3000               	movlw	0
  1362  0031  00F1               	movwf	?_tabla+1
  1363  0032  28B5               	goto	i1l108
  1364  0033                     i1l1027:
  1365                           
  1366                           ;LAB1.c: 181:             return 0b00000110;
  1367  0033  3006               	movlw	6
  1368  0034  00F0               	movwf	?_tabla
  1369  0035  3000               	movlw	0
  1370  0036  00F1               	movwf	?_tabla+1
  1371  0037  28B5               	goto	i1l108
  1372  0038                     i1l1033:
  1373                           
  1374                           ;LAB1.c: 184:             return 0b01011011;
  1375  0038  305B               	movlw	91
  1376  0039  00F0               	movwf	?_tabla
  1377  003A  3000               	movlw	0
  1378  003B  00F1               	movwf	?_tabla+1
  1379  003C  28B5               	goto	i1l108
  1380  003D                     i1l1039:
  1381                           
  1382                           ;LAB1.c: 187:             return 0b01001111;
  1383  003D  304F               	movlw	79
  1384  003E  00F0               	movwf	?_tabla
  1385  003F  3000               	movlw	0
  1386  0040  00F1               	movwf	?_tabla+1
  1387  0041  28B5               	goto	i1l108
  1388  0042                     i1l1045:
  1389                           
  1390                           ;LAB1.c: 190:             return 0b01100110;
  1391  0042  3066               	movlw	102
  1392  0043  00F0               	movwf	?_tabla
  1393  0044  3000               	movlw	0
  1394  0045  00F1               	movwf	?_tabla+1
  1395  0046  28B5               	goto	i1l108
  1396  0047                     i1l1051:
  1397                           
  1398                           ;LAB1.c: 193:             return 0b01101101;
  1399  0047  306D               	movlw	109
  1400  0048  00F0               	movwf	?_tabla
  1401  0049  3000               	movlw	0
  1402  004A  00F1               	movwf	?_tabla+1
  1403  004B  28B5               	goto	i1l108
  1404  004C                     i1l1057:
  1405                           
  1406                           ;LAB1.c: 196:             return 0b01111101;
  1407  004C  307D               	movlw	125
  1408  004D  00F0               	movwf	?_tabla
  1409  004E  3000               	movlw	0
  1410  004F  00F1               	movwf	?_tabla+1
  1411  0050  28B5               	goto	i1l108
  1412  0051                     i1l1063:
  1413                           
  1414                           ;LAB1.c: 199:             return 0b00000111;
  1415  0051  3007               	movlw	7
  1416  0052  00F0               	movwf	?_tabla
  1417  0053  3000               	movlw	0
  1418  0054  00F1               	movwf	?_tabla+1
  1419  0055  28B5               	goto	i1l108
  1420  0056                     i1l1069:
  1421                           
  1422                           ;LAB1.c: 202:             return 0b01111111;
  1423  0056  307F               	movlw	127
  1424  0057  00F0               	movwf	?_tabla
  1425  0058  3000               	movlw	0
  1426  0059  00F1               	movwf	?_tabla+1
  1427  005A  28B5               	goto	i1l108
  1428  005B                     i1l1075:
  1429                           
  1430                           ;LAB1.c: 205:             return 0b01101111;
  1431  005B  306F               	movlw	111
  1432  005C  00F0               	movwf	?_tabla
  1433  005D  3000               	movlw	0
  1434  005E  00F1               	movwf	?_tabla+1
  1435  005F  28B5               	goto	i1l108
  1436  0060                     i1l1081:
  1437                           
  1438                           ;LAB1.c: 208:             return 0b01110111;
  1439  0060  3077               	movlw	119
  1440  0061  00F0               	movwf	?_tabla
  1441  0062  3000               	movlw	0
  1442  0063  00F1               	movwf	?_tabla+1
  1443  0064  28B5               	goto	i1l108
  1444  0065                     i1l1087:
  1445                           
  1446                           ;LAB1.c: 211:             return 0b01111100;
  1447  0065  307C               	movlw	124
  1448  0066  00F0               	movwf	?_tabla
  1449  0067  3000               	movlw	0
  1450  0068  00F1               	movwf	?_tabla+1
  1451  0069  28B5               	goto	i1l108
  1452  006A                     i1l1093:
  1453                           
  1454                           ;LAB1.c: 214:             return 0b00111001;
  1455  006A  3039               	movlw	57
  1456  006B  00F0               	movwf	?_tabla
  1457  006C  3000               	movlw	0
  1458  006D  00F1               	movwf	?_tabla+1
  1459  006E  28B5               	goto	i1l108
  1460  006F                     i1l1099:
  1461                           
  1462                           ;LAB1.c: 217:             return 0b01011110;
  1463  006F  305E               	movlw	94
  1464  0070  00F0               	movwf	?_tabla
  1465  0071  3000               	movlw	0
  1466  0072  00F1               	movwf	?_tabla+1
  1467  0073  28B5               	goto	i1l108
  1468  0074                     i1l1105:
  1469                           
  1470                           ;LAB1.c: 220:             return 0b01111001;
  1471  0074  3079               	movlw	121
  1472  0075  00F0               	movwf	?_tabla
  1473  0076  3000               	movlw	0
  1474  0077  00F1               	movwf	?_tabla+1
  1475  0078  28B5               	goto	i1l108
  1476  0079                     i1l1111:
  1477                           
  1478                           ;LAB1.c: 223:             return 0b01110001;
  1479  0079  3071               	movlw	113
  1480  007A  00F0               	movwf	?_tabla
  1481  007B  3000               	movlw	0
  1482  007C  00F1               	movwf	?_tabla+1
  1483  007D  28B5               	goto	i1l108
  1484  007E                     i1l1119:
  1485                           
  1486                           ; Switch on 2 bytes has been partitioned into a top level switch of size 1, and 1 sub-sw
      +                          itches
  1487                           ; Switch size 1, requested type "simple"
  1488                           ; Number of cases is 1, Range of values is 0 to 0
  1489                           ; switch strategies available:
  1490                           ; Name         Instructions Cycles
  1491                           ; simple_byte            4     3 (average)
  1492                           ; direct_byte           11     8 (fixed)
  1493                           ; jumptable            260     6 (fixed)
  1494                           ;	Chosen strategy is simple_byte
  1495  007E  0871               	movf	tabla@a+1,w
  1496  007F  3A00               	xorlw	0	; case 0
  1497  0080  1903               	skipnz
  1498  0081  2883               	goto	i1l1321
  1499  0082  28B5               	goto	i1l108
  1500  0083                     i1l1321:
  1501                           
  1502                           ; Switch size 1, requested type "simple"
  1503                           ; Number of cases is 16, Range of values is 0 to 15
  1504                           ; switch strategies available:
  1505                           ; Name         Instructions Cycles
  1506                           ; simple_byte           49    25 (average)
  1507                           ; direct_byte           56     8 (fixed)
  1508                           ; jumptable            260     6 (fixed)
  1509                           ;	Chosen strategy is simple_byte
  1510  0083  0870               	movf	tabla@a,w
  1511  0084  3A00               	xorlw	0	; case 0
  1512  0085  1903               	skipnz
  1513  0086  282E               	goto	i1l1021
  1514  0087  3A01               	xorlw	1	; case 1
  1515  0088  1903               	skipnz
  1516  0089  2833               	goto	i1l1027
  1517  008A  3A03               	xorlw	3	; case 2
  1518  008B  1903               	skipnz
  1519  008C  2838               	goto	i1l1033
  1520  008D  3A01               	xorlw	1	; case 3
  1521  008E  1903               	skipnz
  1522  008F  283D               	goto	i1l1039
  1523  0090  3A07               	xorlw	7	; case 4
  1524  0091  1903               	skipnz
  1525  0092  2842               	goto	i1l1045
  1526  0093  3A01               	xorlw	1	; case 5
  1527  0094  1903               	skipnz
  1528  0095  2847               	goto	i1l1051
  1529  0096  3A03               	xorlw	3	; case 6
  1530  0097  1903               	skipnz
  1531  0098  284C               	goto	i1l1057
  1532  0099  3A01               	xorlw	1	; case 7
  1533  009A  1903               	skipnz
  1534  009B  2851               	goto	i1l1063
  1535  009C  3A0F               	xorlw	15	; case 8
  1536  009D  1903               	skipnz
  1537  009E  2856               	goto	i1l1069
  1538  009F  3A01               	xorlw	1	; case 9
  1539  00A0  1903               	skipnz
  1540  00A1  285B               	goto	i1l1075
  1541  00A2  3A03               	xorlw	3	; case 10
  1542  00A3  1903               	skipnz
  1543  00A4  2860               	goto	i1l1081
  1544  00A5  3A01               	xorlw	1	; case 11
  1545  00A6  1903               	skipnz
  1546  00A7  2865               	goto	i1l1087
  1547  00A8  3A07               	xorlw	7	; case 12
  1548  00A9  1903               	skipnz
  1549  00AA  286A               	goto	i1l1093
  1550  00AB  3A01               	xorlw	1	; case 13
  1551  00AC  1903               	skipnz
  1552  00AD  286F               	goto	i1l1099
  1553  00AE  3A03               	xorlw	3	; case 14
  1554  00AF  1903               	skipnz
  1555  00B0  2874               	goto	i1l1105
  1556  00B1  3A01               	xorlw	1	; case 15
  1557  00B2  1903               	skipnz
  1558  00B3  2879               	goto	i1l1111
  1559  00B4  28B5               	goto	i1l108
  1560  00B5                     i1l108:
  1561  00B5  0008               	return
  1562  00B6                     __end_of_tabla:
  1563  007E                     btemp	set	126	;btemp
  1564  007E                     wtemp0	set	126
  1565                           
  1566                           	psect	config
  1567                           
  1568                           ;Config register CONFIG1 @ 0x2007
  1569                           ;	Oscillator Selection bits
  1570                           ;	FOSC = INTRC_NOCLKOUT, INTOSCIO oscillator: I/O function on RA6/OSC2/CLKOUT pin, I/O f
      +                          unction on RA7/OSC1/CLKIN
  1571                           ;	Watchdog Timer Enable bit
  1572                           ;	WDTE = OFF, WDT disabled and can be enabled by SWDTEN bit of the WDTCON register
  1573                           ;	Power-up Timer Enable bit
  1574                           ;	PWRTE = OFF, PWRT disabled
  1575                           ;	RE3/MCLR pin function select bit
  1576                           ;	MCLRE = OFF, RE3/MCLR pin function is digital input, MCLR internally tied to VDD
  1577                           ;	Code Protection bit
  1578                           ;	CP = OFF, Program memory code protection is disabled
  1579                           ;	Data Code Protection bit
  1580                           ;	CPD = OFF, Data memory code protection is disabled
  1581                           ;	Brown Out Reset Selection bits
  1582                           ;	BOREN = OFF, BOR disabled
  1583                           ;	Internal External Switchover bit
  1584                           ;	IESO = OFF, Internal/External Switchover mode is disabled
  1585                           ;	Fail-Safe Clock Monitor Enabled bit
  1586                           ;	FCMEN = OFF, Fail-Safe Clock Monitor is disabled
  1587                           ;	Low Voltage Programming Enable bit
  1588                           ;	LVP = OFF, RB3 pin has digital I/O, HV on MCLR must be used for programming
  1589                           ;	In-Circuit Debugger Mode bit
  1590                           ;	DEBUG = 0x1, unprogrammed default
  1591  2007                     	org	8199
  1592  2007  20D4               	dw	8404
  1593                           
  1594                           ;Config register CONFIG2 @ 0x2008
  1595                           ;	Brown-out Reset Selection bit
  1596                           ;	BOR4V = BOR40V, Brown-out Reset set to 4.0V
  1597                           ;	Flash Program Memory Self Write Enable bits
  1598                           ;	WRT = OFF, Write protection off
  1599  2008                     	org	8200
  1600  2008  3FFF               	dw	16383

Data Sizes:
    Strings     0
    Constant    0
    Data        1
    BSS         14
    Persistent  0
    Stack       0

Auto Spaces:
    Space          Size  Autos    Used
    COMMON           14     14      14
    BANK0            80      8      23
    BANK1            80      0       0
    BANK3            96      0       0
    BANK2            96      0       0

Pointer List with Targets:

    None.

Critical Paths under _main in COMMON

    None.

Critical Paths under _isr in COMMON

    _isr->_divisor
    _divisor->___awdiv
    _displays->_tabla

Critical Paths under _main in BANK0

    _main->_setup

Critical Paths under _isr in BANK0

    None.

Critical Paths under _main in BANK1

    None.

Critical Paths under _isr in BANK1

    None.

Critical Paths under _main in BANK3

    None.

Critical Paths under _isr in BANK3

    None.

Critical Paths under _main in BANK2

    None.

Critical Paths under _isr in BANK2

    None.

Call Graph Tables:

 ---------------------------------------------------------------------------------
 (Depth) Function   	        Calls       Base Space   Used Autos Params    Refs
 ---------------------------------------------------------------------------------
 (0) _main                                                 1     1      0       0
                                              7 BANK0      1     1      0
                              _setup
 ---------------------------------------------------------------------------------
 (1) _setup                                                1     1      0       0
                                              6 BANK0      1     1      0
 ---------------------------------------------------------------------------------
 Estimated maximum stack depth 1
 ---------------------------------------------------------------------------------
 (Depth) Function   	        Calls       Base Space   Used Autos Params    Refs
 ---------------------------------------------------------------------------------
 (2) _isr                                                  6     6      0     716
                                              0 BANK0      6     6      0
                           _displays
                            _divisor
                               _tmr0
 ---------------------------------------------------------------------------------
 (3) _tmr0                                                 0     0      0       0
 ---------------------------------------------------------------------------------
 (3) _divisor                                              5     5      0     542
                                              9 COMMON     5     5      0
                            ___awdiv
 ---------------------------------------------------------------------------------
 (4) ___awdiv                                              9     5      4     452
                                              0 COMMON     9     5      4
 ---------------------------------------------------------------------------------
 (3) _displays                                             1     1      0     174
                                              2 COMMON     1     1      0
                              _tabla
 ---------------------------------------------------------------------------------
 (4) _tabla                                                2     0      2     174
                                              0 COMMON     2     0      2
 ---------------------------------------------------------------------------------
 Estimated maximum stack depth 4
 ---------------------------------------------------------------------------------

 Call Graph Graphs:

 _main (ROOT)
   _setup

 _isr (ROOT)
   _displays
     _tabla
   _divisor
     ___awdiv
   _tmr0

 Address spaces:
Name               Size   Autos  Total    Cost      Usage
BANK3               60      0       0       9        0.0%
BITBANK3            60      0       0       8        0.0%
SFR3                 0      0       0       4        0.0%
BITSFR3              0      0       0       4        0.0%
BANK2               60      0       0      11        0.0%
BITBANK2            60      0       0      10        0.0%
SFR2                 0      0       0       5        0.0%
BITSFR2              0      0       0       5        0.0%
BANK1               50      0       0       7        0.0%
BITBANK1            50      0       0       6        0.0%
SFR1                 0      0       0       2        0.0%
BITSFR1              0      0       0       2        0.0%
BANK0               50      8      17       5       28.7%
BITBANK0            50      0       0       4        0.0%
SFR0                 0      0       0       1        0.0%
BITSFR0              0      0       0       1        0.0%
COMMON               E      E       E       1      100.0%
BITCOMMON            E      0       0       0        0.0%
CODE                 0      0       0       0        0.0%
DATA                 0      0      25      12        0.0%
ABS                  0      0      25       3        0.0%
NULL                 0      0       0       0        0.0%
STACK                0      0       0       2        0.0%
EEDATA             100      0       0       0        0.0%


Microchip Technology PIC Macro Assembler V2.32 build 20210201212658 
Symbol Table                                                                                   Thu Jan 27 05:18:01 2022

                     l89 01AB             ___awdiv@sign 0076                      u350 01F2  
                    u351 01F1                      u360 01FB                      u361 01FA  
                    u377 0203                      u387 0210                      u397 019E  
                    _dig 0020                      _isr 01AC                      fsr0 0004  
                    indf 0000                     l1211 0170                     l1203 0167  
                   l1221 0179                     l1213 0173                     l1205 016B  
                   l1231 0183                     l1223 017F                     l1215 0176  
                   l1207 016C                     l1241 018D                     l1233 0184  
                   l1225 0180                     l1217 0177                     l1209 016F  
                   l1251 01A2                     l1243 018E                     l1235 0185  
                   l1227 0181                     l1219 0178                     l1253 01A3  
                   l1245 0199                     l1237 0186                     l1229 0182  
                   l1255 01A4                     l1247 019A                     l1239 018A  
                   l1257 01A7                     l1249 01A1                     l1281 01E6  
                   l1259 01AA                     l1291 01FF                     l1283 01EB  
                   l1293 0207                     l1285 01EE                     l1287 01F2  
                   l1297 020C                     l1289 01FB                     l1299 0213  
                   ?_isr 0070                     _T0IF 005A                     i1l75 01D9  
                   i1l92 0250                     i1l97 0166                     _TMR0 0001  
                   _main 01E6                     _tmr0 024B                     btemp 007E  
                   start 0012                    ??_isr 002E                    ?_main 0070  
        __end_of___awdiv 011D                    ?_tmr0 0070                    _ANSEL 0188  
        ___awdiv@divisor 0070                    i1l103 024A                    i1l108 00B5  
                  i1l364 011C          ___awdiv@counter 0075                    u20_20 00C6  
                  u20_21 00C5                    u21_20 00D7                    u21_21 00D6  
                  u30_20 0223                    u30_21 0222                    u22_25 00DB  
                  u31_20 023B                    u23_20 00E9                    u31_21 023A  
                  u23_21 00E8                    u32_20 01B0                    u32_21 01AF  
                  u24_25 00EA                    u25_20 00FA                    u33_20 01B9  
                  u25_21 00F9                    u33_21 01B8                    u25_25 00F6  
                  u34_20 01CF                    u34_21 01CE                    u26_25 0102  
                  u27_20 010E                    u19_20 00BB                    u27_21 010D  
                  u19_21 00BA                    _PORTA 0005                    _PORTB 0006  
                  _PORTC 0007                    _PORTD 0008                    _PORTE 0009  
                  u28_20 0113                    u28_21 0112                    u29_20 0166  
                  u29_21 0165                    u29_25 0162                    _TRISA 0085  
                  _TRISC 0087                    _TRISD 0088                    _TRISE 0089  
        __end_of_divisor 0167                    _cont2 002C                    _tabla 002D  
                  _setup 0167                    pclath 000A                    status 0003  
                  wtemp0 007E          __initialization 0015             __end_of_main 021A  
           __end_of_tmr0 0251                   ??_main 0035                   ??_tmr0 0070  
                 ?_tabla 0070                   _ADRESH 001E         ___awdiv@dividend 0072  
                 ?_setup 0070                   _ANSELH 0189                   i1l1021 002E  
                 i1l1111 0079                   i1l1105 0074                   i1l1033 0038  
                 i1l1201 0248                   i1l1051 0047                   i1l1027 0033  
                 i1l1019 002D                   i1l1131 00C0                   i1l1045 0042  
                 i1l1141 00D1                   i1l1133 00C2                   i1l1125 00B6  
                 i1l1063 0051                   i1l1039 003D                   i1l1119 007E  
                 i1l1151 00E9                   i1l1143 00D7                   i1l1135 00C6  
                 i1l1127 00B7                   i1l1321 0083                   i1l1081 0060  
                 i1l1057 004C                   i1l1153 00FA                   i1l1145 00DA  
                 i1l1161 010E                   i1l1137 00CB                   i1l1129 00BB  
                 i1l1075 005B                   i1l1163 0113                   i1l1155 0100  
                 i1l1147 00E1                   i1l1139 00CF                   i1l1093 006A  
                 i1l1069 0056                   i1l1165 0118                   i1l1157 0101  
                 i1l1149 00E5                   i1l1181 0159                   i1l1087 0065  
                 i1l1191 021E                   i1l1159 0108                   i1l1175 011F  
                 i1l1183 024B                   i1l1271 01C6                   i1l1263 01AC  
                 i1l1193 0223                   i1l1177 0132                   i1l1169 011D  
                 i1l1185 024C                   i1l1273 01C8                   i1l1265 01B0  
                 i1l1099 006F                   i1l1195 0230                   i1l1179 0153  
                 i1l1267 01B9                   i1l1275 01CB                   i1l1197 0235  
                 i1l1189 021A                   i1l1277 01CF                   i1l1269 01C0  
                 i1l1199 023B                   i1l1279 01D4         __end_of_displays 024B  
              ??___awdiv 0074         ___awdiv@quotient 0077                ??_divisor 0079  
                 tabla@a 0070                   saved_w 007E  __end_of__initialization 0029  
         __pcstackCOMMON 0070             __pidataBANK0 0251            __end_of_tabla 00B6  
          __end_of_setup 01AC           _OPTION_REGbits 0081                  ??_tabla 0072  
                ??_setup 0034               __pbssBANK0 0020               __pmaintext 01E6  
             __pintentry 0004                ?_displays 0070                  ___awdiv 00B6  
                _decenas 0026                  __ptext1 0167                  __ptext2 01AC  
                __ptext3 024B                  __ptext4 011D                  __ptext5 00B6  
                __ptext6 021A                  __ptext7 002D                  _divisor 011D  
           __size_of_isr 003A               ??_displays 0072     end_of_initialization 0029  
    start_initialization 0015              __end_of_isr 01E6              __pdataBANK0 0036  
              ___latbits 0002            __pcstackBANK0 002E        __size_of_displays 0031  
               ?___awdiv 0070                 ?_divisor 0070           __size_of_tabla 0089  
         __size_of_setup 0045        interrupt_function 0004                 _PIE1bits 008C  
               _PIR1bits 000C               _ADCON0bits 001F               _ADCON1bits 009F  
       __size_of___awdiv 0067         __size_of_divisor 004A                 _displays 021A  
               _cont_vol 002A            __size_of_main 0034            __size_of_tmr0 0006  
               _unidades 0028                 divisor@i 007C               _INTCONbits 000B  
               intlevel1 0000               _OSCCONbits 008F            _disp_selector 0036  
